The system is: Windows - 10.0.19043 - AMD64
Compiling the C compiler identification source file "CMakeCCompilerId.c" succeeded.
Compiler: C:/Program Files (x86)/Microsoft Visual Studio/2019/Community/VC/Tools/MSVC/14.29.30133/bin/Hostx86/x86/cl.exe 
Build flags: --coverage
Id flags:  

The output was:
0
Microsoft (R) C/C++ Optimizing Compiler Version 19.29.30139 for x86
Copyright (C) Microsoft Corporation.  All rights reserved.

cl : Command line warning D9002 : ignoring unknown option '--coverage'
CMakeCCompilerId.c
Microsoft (R) Incremental Linker Version 14.29.30139.0
Copyright (C) Microsoft Corporation.  All rights reserved.

/out:CMakeCCompilerId.exe 
CMakeCCompilerId.obj 


Compilation of the C compiler identification source "CMakeCCompilerId.c" produced "CMakeCCompilerId.exe"

Compilation of the C compiler identification source "CMakeCCompilerId.c" produced "CMakeCCompilerId.obj"

The C compiler identification is MSVC, found in "C:/Desktop/OOP/lab2/cmake-build-debug-coverage/CMakeFiles/3.21.1/CompilerIdC/CMakeCCompilerId.exe"

Detecting C compiler ABI info compiled with the following output:
Change Dir: C:/Desktop/OOP/lab2/cmake-build-debug-coverage/CMakeFiles/CMakeTmp

Run Build Command(s):C:/Program Files/JetBrains/CLion 2021.3.3/bin/ninja/win/ninja.exe cmTC_39005 && [1/2] Building C object CMakeFiles\cmTC_39005.dir\CMakeCCompilerABI.c.obj
cl : Command line warning D9002 : ignoring unknown option '--coverage'
[2/2] Linking C executable cmTC_39005.exe



